panic error time:2024-12-11 00_17:51
runtime error: integer divide by zero
stacktrace from panic:goroutine 7 [running]:
runtime/debug.Stack()
	D:/Program Files/Go/src/runtime/debug/stack.go:24 +0x6b
wallpaper_server/pck/logger.Recover.func1()
	d:/Project Code/wallpaper_server/pck/logger/logger.go:132 +0x573
panic({0xf51f00?, 0x1412a30?})
	D:/Program Files/Go/src/runtime/panic.go:770 +0x136
wallpaper_server/controller.UserController.GetList({}, 0xc00035e000)
	d:/Project Code/wallpaper_server/controller/user.go:38 +0x27
github.com/gin-gonic/gin.(*Context).Next(0xc00035e000)
	C:/Users/Administrator/go/pkg/mod/github.com/gin-gonic/gin@v1.10.0/context.go:185 +0x7a
wallpaper_server/pck/logger.Recover(0xc00035e000)
	d:/Project Code/wallpaper_server/pck/logger/logger.go:141 +0x7c
github.com/gin-gonic/gin.(*Context).Next(0xc00035e000)
	C:/Users/Administrator/go/pkg/mod/github.com/gin-gonic/gin@v1.10.0/context.go:185 +0x7a
github.com/gin-gonic/gin.LoggerWithConfig.func1(0xc00035e000)
	C:/Users/Administrator/go/pkg/mod/github.com/gin-gonic/gin@v1.10.0/logger.go:249 +0xf2
github.com/gin-gonic/gin.(*Context).Next(0xc00035e000)
	C:/Users/Administrator/go/pkg/mod/github.com/gin-gonic/gin@v1.10.0/context.go:185 +0x7a
github.com/gin-gonic/gin.CustomRecoveryWithWriter.func1(0xc00035e000)
	C:/Users/Administrator/go/pkg/mod/github.com/gin-gonic/gin@v1.10.0/recovery.go:102 +0xfd
github.com/gin-gonic/gin.(*Context).Next(0xc00035e000)
	C:/Users/Administrator/go/pkg/mod/github.com/gin-gonic/gin@v1.10.0/context.go:185 +0x7a
github.com/gin-gonic/gin.LoggerWithConfig.func1(0xc00035e000)
	C:/Users/Administrator/go/pkg/mod/github.com/gin-gonic/gin@v1.10.0/logger.go:249 +0xf2
github.com/gin-gonic/gin.(*Context).Next(0xc00035e000)
	C:/Users/Administrator/go/pkg/mod/github.com/gin-gonic/gin@v1.10.0/context.go:185 +0x7a
github.com/gin-gonic/gin.(*Engine).handleHTTPRequest(0xc0000fa820, 0xc00035e000)
	C:/Users/Administrator/go/pkg/mod/github.com/gin-gonic/gin@v1.10.0/gin.go:633 +0x42a
github.com/gin-gonic/gin.(*Engine).ServeHTTP(0xc0000fa820, {0x1088150, 0xc00035a2a0}, 0xc000340480)
	C:/Users/Administrator/go/pkg/mod/github.com/gin-gonic/gin@v1.10.0/gin.go:589 +0xbc
net/http.serverHandler.ServeHTTP({0xc0001c2000}, {0x1088150, 0xc00035a2a0}, 0xc000340480)
	D:/Program Files/Go/src/net/http/server.go:3142 +0x257
net/http.(*conn).serve(0xc0001a8240, {0x1088f80, 0xc000330000})
	D:/Program Files/Go/src/net/http/server.go:2044 +0x1ab5
created by net/http.(*Server).Serve in goroutine 1
	D:/Program Files/Go/src/net/http/server.go:3290 +0xa9a

